<?xml version="1.0" encoding="UTF-8"?>
<coverage generated="1770738941778" clover="3.2.0">
  <project timestamp="1770738941778" name="All files">
    <metrics statements="36" coveredstatements="36" conditionals="27" coveredconditionals="27" methods="5" coveredmethods="5" elements="68" coveredelements="68" complexity="0" loc="36" ncloc="36" packages="1" files="3" classes="3"/>
    <file name="boilerService.js" path="D:\ucheba\3 курс\6 сем\АТБП\ЛР 1\1\src\boilerService.js">
      <metrics statements="3" coveredstatements="3" conditionals="0" coveredconditionals="0" methods="2" coveredmethods="2"/>
      <line num="4" count="1" type="stmt"/>
      <line num="8" count="1" type="stmt"/>
      <line num="11" count="2" type="stmt"/>
    </file>
    <file name="heatingController.js" path="D:\ucheba\3 курс\6 сем\АТБП\ЛР 1\1\src\heatingController.js">
      <metrics statements="31" coveredstatements="31" conditionals="27" coveredconditionals="27" methods="2" coveredmethods="2"/>
      <line num="3" count="1" type="stmt"/>
      <line num="4" count="1" type="stmt"/>
      <line num="6" count="1" type="stmt"/>
      <line num="9" count="18" type="cond" truecount="2" falsecount="0"/>
      <line num="15" count="4" type="stmt"/>
      <line num="17" count="14" type="cond" truecount="4" falsecount="0"/>
      <line num="18" count="1" type="stmt"/>
      <line num="22" count="13" type="cond" truecount="2" falsecount="0"/>
      <line num="23" count="1" type="stmt"/>
      <line num="26" count="12" type="stmt"/>
      <line num="29" count="12" type="cond" truecount="2" falsecount="0"/>
      <line num="30" count="6" type="stmt"/>
      <line num="31" count="6" type="cond" truecount="2" falsecount="0"/>
      <line num="32" count="5" type="stmt"/>
      <line num="34" count="1" type="stmt"/>
      <line num="37" count="11" type="stmt"/>
      <line num="44" count="5" type="stmt"/>
      <line num="45" count="5" type="stmt"/>
      <line num="47" count="4" type="cond" truecount="2" falsecount="0"/>
      <line num="54" count="2" type="stmt"/>
      <line num="55" count="2" type="stmt"/>
      <line num="60" count="2" type="stmt"/>
      <line num="66" count="2" type="cond" truecount="2" falsecount="0"/>
      <line num="67" count="1" type="stmt"/>
      <line num="69" count="1" type="stmt"/>
      <line num="72" count="2" type="stmt"/>
      <line num="80" count="3" type="cond" truecount="2" falsecount="0"/>
      <line num="81" count="1" type="stmt"/>
      <line num="82" count="1" type="stmt"/>
      <line num="86" count="2" type="stmt"/>
      <line num="90" count="1" type="stmt"/>
    </file>
    <file name="sensorService.js" path="D:\ucheba\3 курс\6 сем\АТБП\ЛР 1\1\src\sensorService.js">
      <metrics statements="2" coveredstatements="2" conditionals="0" coveredconditionals="0" methods="1" coveredmethods="1"/>
      <line num="4" count="1" type="stmt"/>
      <line num="7" count="2" type="stmt"/>
    </file>
  </project>
</coverage>
