<?xml version="1.0" encoding="UTF-8"?>
<coverage generated="1770673712945" clover="3.2.0">
  <project timestamp="1770673712945" name="All files">
    <metrics statements="36" coveredstatements="36" conditionals="27" coveredconditionals="27" methods="5" coveredmethods="5" elements="68" coveredelements="68" complexity="0" loc="36" ncloc="36" packages="1" files="3" classes="3"/>
    <file name="boilerService.js" path="D:\ucheba\3 курс\6 сем\АТБП\ЛР 1\1\src\boilerService.js">
      <metrics statements="3" coveredstatements="3" conditionals="0" coveredconditionals="0" methods="2" coveredmethods="2"/>
      <line num="9" count="1" type="stmt"/>
      <line num="14" count="1" type="stmt"/>
      <line num="17" count="2" type="stmt"/>
    </file>
    <file name="heatingController.js" path="D:\ucheba\3 курс\6 сем\АТБП\ЛР 1\1\src\heatingController.js">
      <metrics statements="31" coveredstatements="31" conditionals="27" coveredconditionals="27" methods="2" coveredmethods="2"/>
      <line num="3" count="1" type="stmt"/>
      <line num="4" count="1" type="stmt"/>
      <line num="6" count="1" type="stmt"/>
      <line num="13" count="18" type="cond" truecount="2" falsecount="0"/>
      <line num="19" count="4" type="stmt"/>
      <line num="21" count="14" type="cond" truecount="4" falsecount="0"/>
      <line num="22" count="1" type="stmt"/>
      <line num="26" count="13" type="cond" truecount="2" falsecount="0"/>
      <line num="27" count="1" type="stmt"/>
      <line num="30" count="12" type="stmt"/>
      <line num="33" count="12" type="cond" truecount="2" falsecount="0"/>
      <line num="34" count="6" type="stmt"/>
      <line num="35" count="6" type="cond" truecount="2" falsecount="0"/>
      <line num="36" count="5" type="stmt"/>
      <line num="38" count="1" type="stmt"/>
      <line num="41" count="11" type="stmt"/>
      <line num="57" count="5" type="stmt"/>
      <line num="58" count="5" type="stmt"/>
      <line num="61" count="4" type="cond" truecount="2" falsecount="0"/>
      <line num="68" count="2" type="stmt"/>
      <line num="69" count="2" type="stmt"/>
      <line num="74" count="2" type="stmt"/>
      <line num="80" count="2" type="cond" truecount="2" falsecount="0"/>
      <line num="81" count="1" type="stmt"/>
      <line num="83" count="1" type="stmt"/>
      <line num="86" count="2" type="stmt"/>
      <line num="95" count="3" type="cond" truecount="2" falsecount="0"/>
      <line num="96" count="1" type="stmt"/>
      <line num="97" count="1" type="stmt"/>
      <line num="101" count="2" type="stmt"/>
      <line num="105" count="1" type="stmt"/>
    </file>
    <file name="sensorService.js" path="D:\ucheba\3 курс\6 сем\АТБП\ЛР 1\1\src\sensorService.js">
      <metrics statements="2" coveredstatements="2" conditionals="0" coveredconditionals="0" methods="1" coveredmethods="1"/>
      <line num="8" count="1" type="stmt"/>
      <line num="11" count="2" type="stmt"/>
    </file>
  </project>
</coverage>
