{"D:\\ucheba\\3 курс\\6 сем\\АТБП\\ЛР 1\\1\\src\\boilerService.js": {"path":"D:\\ucheba\\3 курс\\6 сем\\АТБП\\ЛР 1\\1\\src\\boilerService.js","statementMap":{"0":{"start":{"line":9,"column":2},"end":{"line":9,"column":9}},"1":{"start":{"line":14,"column":2},"end":{"line":14,"column":9}},"2":{"start":{"line":17,"column":0},"end":{"line":17,"column":37}}},"fnMap":{"0":{"name":"turnOn","decl":{"start":{"line":7,"column":15},"end":{"line":7,"column":21}},"loc":{"start":{"line":7,"column":24},"end":{"line":10,"column":1}},"line":7},"1":{"name":"turnOff","decl":{"start":{"line":12,"column":15},"end":{"line":12,"column":22}},"loc":{"start":{"line":12,"column":25},"end":{"line":15,"column":1}},"line":12}},"branchMap":{},"s":{"0":1,"1":1,"2":2},"f":{"0":1,"1":1},"b":{},"_coverageSchema":"1a1c01bbd47fc00a2c39e90264f33305004495a9","hash":"e8116dbb0e9405c39070c7953720ef15c041bd35"}
,"D:\\ucheba\\3 курс\\6 сем\\АТБП\\ЛР 1\\1\\src\\heatingController.js": {"path":"D:\\ucheba\\3 курс\\6 сем\\АТБП\\ЛР 1\\1\\src\\heatingController.js","statementMap":{"0":{"start":{"line":3,"column":22},"end":{"line":3,"column":48}},"1":{"start":{"line":4,"column":22},"end":{"line":4,"column":48}},"2":{"start":{"line":6,"column":22},"end":{"line":6,"column":29}},"3":{"start":{"line":13,"column":2},"end":{"line":20,"column":3}},"4":{"start":{"line":19,"column":4},"end":{"line":19,"column":56}},"5":{"start":{"line":21,"column":2},"end":{"line":25,"column":3}},"6":{"start":{"line":22,"column":4},"end":{"line":24,"column":6}},"7":{"start":{"line":26,"column":2},"end":{"line":28,"column":3}},"8":{"start":{"line":27,"column":4},"end":{"line":27,"column":57}},"9":{"start":{"line":30,"column":25},"end":{"line":30,"column":50}},"10":{"start":{"line":33,"column":2},"end":{"line":39,"column":3}},"11":{"start":{"line":34,"column":4},"end":{"line":34,"column":20}},"12":{"start":{"line":35,"column":9},"end":{"line":39,"column":3}},"13":{"start":{"line":36,"column":4},"end":{"line":36,"column":20}},"14":{"start":{"line":38,"column":4},"end":{"line":38,"column":80}},"15":{"start":{"line":41,"column":2},"end":{"line":44,"column":4}},"16":{"start":{"line":57,"column":2},"end":{"line":102,"column":3}},"17":{"start":{"line":58,"column":24},"end":{"line":58,"column":68}},"18":{"start":{"line":61,"column":4},"end":{"line":72,"column":5}},"19":{"start":{"line":68,"column":6},"end":{"line":68,"column":36}},"20":{"start":{"line":69,"column":6},"end":{"line":71,"column":8}},"21":{"start":{"line":74,"column":45},"end":{"line":78,"column":5}},"22":{"start":{"line":80,"column":4},"end":{"line":84,"column":5}},"23":{"start":{"line":81,"column":6},"end":{"line":81,"column":35}},"24":{"start":{"line":83,"column":6},"end":{"line":83,"column":36}},"25":{"start":{"line":86,"column":4},"end":{"line":92,"column":6}},"26":{"start":{"line":95,"column":4},"end":{"line":100,"column":5}},"27":{"start":{"line":96,"column":6},"end":{"line":96,"column":36}},"28":{"start":{"line":97,"column":6},"end":{"line":99,"column":8}},"29":{"start":{"line":101,"column":4},"end":{"line":101,"column":16}},"30":{"start":{"line":105,"column":0},"end":{"line":105,"column":56}}},"fnMap":{"0":{"name":"shouldTurnOnBoiler","decl":{"start":{"line":12,"column":9},"end":{"line":12,"column":27}},"loc":{"start":{"line":12,"column":59},"end":{"line":45,"column":1}},"line":12},"1":{"name":"controlHeating","decl":{"start":{"line":56,"column":15},"end":{"line":56,"column":29}},"loc":{"start":{"line":56,"column":48},"end":{"line":103,"column":1}},"line":56}},"branchMap":{"0":{"loc":{"start":{"line":13,"column":2},"end":{"line":20,"column":3}},"type":"if","locations":[{"start":{"line":13,"column":2},"end":{"line":20,"column":3}},{"start":{},"end":{}}],"line":13},"1":{"loc":{"start":{"line":14,"column":4},"end":{"line":17,"column":28}},"type":"binary-expr","locations":[{"start":{"line":14,"column":4},"end":{"line":14,"column":35}},{"start":{"line":15,"column":4},"end":{"line":15,"column":34}},{"start":{"line":16,"column":4},"end":{"line":16,"column":29}},{"start":{"line":17,"column":4},"end":{"line":17,"column":28}}],"line":14},"2":{"loc":{"start":{"line":21,"column":2},"end":{"line":25,"column":3}},"type":"if","locations":[{"start":{"line":21,"column":2},"end":{"line":25,"column":3}},{"start":{},"end":{}}],"line":21},"3":{"loc":{"start":{"line":21,"column":6},"end":{"line":21,"column":63}},"type":"binary-expr","locations":[{"start":{"line":21,"column":6},"end":{"line":21,"column":33}},{"start":{"line":21,"column":37},"end":{"line":21,"column":63}}],"line":21},"4":{"loc":{"start":{"line":26,"column":2},"end":{"line":28,"column":3}},"type":"if","locations":[{"start":{"line":26,"column":2},"end":{"line":28,"column":3}},{"start":{},"end":{}}],"line":26},"5":{"loc":{"start":{"line":33,"column":2},"end":{"line":39,"column":3}},"type":"if","locations":[{"start":{"line":33,"column":2},"end":{"line":39,"column":3}},{"start":{"line":35,"column":9},"end":{"line":39,"column":3}}],"line":33},"6":{"loc":{"start":{"line":35,"column":9},"end":{"line":39,"column":3}},"type":"if","locations":[{"start":{"line":35,"column":9},"end":{"line":39,"column":3}},{"start":{"line":37,"column":9},"end":{"line":39,"column":3}}],"line":35},"7":{"loc":{"start":{"line":61,"column":4},"end":{"line":72,"column":5}},"type":"if","locations":[{"start":{"line":61,"column":4},"end":{"line":72,"column":5}},{"start":{},"end":{}}],"line":61},"8":{"loc":{"start":{"line":62,"column":6},"end":{"line":66,"column":33}},"type":"binary-expr","locations":[{"start":{"line":62,"column":6},"end":{"line":62,"column":31}},{"start":{"line":63,"column":6},"end":{"line":63,"column":26}},{"start":{"line":64,"column":6},"end":{"line":64,"column":37}},{"start":{"line":65,"column":6},"end":{"line":65,"column":31}},{"start":{"line":66,"column":6},"end":{"line":66,"column":33}}],"line":62},"9":{"loc":{"start":{"line":80,"column":4},"end":{"line":84,"column":5}},"type":"if","locations":[{"start":{"line":80,"column":4},"end":{"line":84,"column":5}},{"start":{"line":82,"column":11},"end":{"line":84,"column":5}}],"line":80},"10":{"loc":{"start":{"line":95,"column":4},"end":{"line":100,"column":5}},"type":"if","locations":[{"start":{"line":95,"column":4},"end":{"line":100,"column":5}},{"start":{},"end":{}}],"line":95}},"s":{"0":1,"1":1,"2":1,"3":18,"4":4,"5":14,"6":1,"7":13,"8":1,"9":12,"10":12,"11":6,"12":6,"13":5,"14":1,"15":11,"16":5,"17":5,"18":4,"19":2,"20":2,"21":2,"22":2,"23":1,"24":1,"25":2,"26":3,"27":1,"28":1,"29":2,"30":1},"f":{"0":18,"1":5},"b":{"0":[4,14],"1":[18,17,16,15],"2":[1,13],"3":[14,13],"4":[1,12],"5":[6,6],"6":[5,1],"7":[2,2],"8":[4,3,2,2,2],"9":[1,1],"10":[1,2]},"_coverageSchema":"1a1c01bbd47fc00a2c39e90264f33305004495a9","hash":"98ebd6fd5a8789182bc274ac9ab1971965ba5898"}
,"D:\\ucheba\\3 курс\\6 сем\\АТБП\\ЛР 1\\1\\src\\sensorService.js": {"path":"D:\\ucheba\\3 курс\\6 сем\\АТБП\\ЛР 1\\1\\src\\sensorService.js","statementMap":{"0":{"start":{"line":8,"column":2},"end":{"line":8,"column":75}},"1":{"start":{"line":11,"column":0},"end":{"line":11,"column":44}}},"fnMap":{"0":{"name":"getInteriorTemperature","decl":{"start":{"line":7,"column":15},"end":{"line":7,"column":37}},"loc":{"start":{"line":7,"column":40},"end":{"line":9,"column":1}},"line":7}},"branchMap":{},"s":{"0":1,"1":2},"f":{"0":1},"b":{},"_coverageSchema":"1a1c01bbd47fc00a2c39e90264f33305004495a9","hash":"ff2250a4e6da6ca54545d3ae0264189b39bfac19"}
}
