{"D:\\ucheba\\3 курс\\6 сем\\АТБП\\ЛР 1\\1\\src\\heatingController.js": {"path":"D:\\ucheba\\3 курс\\6 сем\\АТБП\\ЛР 1\\1\\src\\heatingController.js","statementMap":{"0":{"start":{"line":4,"column":24},"end":{"line":4,"column":31}},"1":{"start":{"line":6,"column":2},"end":{"line":13,"column":3}},"2":{"start":{"line":12,"column":4},"end":{"line":12,"column":56}},"3":{"start":{"line":14,"column":2},"end":{"line":18,"column":3}},"4":{"start":{"line":15,"column":4},"end":{"line":17,"column":6}},"5":{"start":{"line":19,"column":2},"end":{"line":21,"column":3}},"6":{"start":{"line":20,"column":4},"end":{"line":20,"column":57}},"7":{"start":{"line":23,"column":25},"end":{"line":23,"column":50}},"8":{"start":{"line":26,"column":2},"end":{"line":32,"column":3}},"9":{"start":{"line":27,"column":4},"end":{"line":27,"column":20}},"10":{"start":{"line":28,"column":9},"end":{"line":32,"column":3}},"11":{"start":{"line":29,"column":4},"end":{"line":29,"column":20}},"12":{"start":{"line":31,"column":4},"end":{"line":31,"column":80}},"13":{"start":{"line":34,"column":2},"end":{"line":34,"column":47}},"14":{"start":{"line":37,"column":0},"end":{"line":37,"column":40}}},"fnMap":{"0":{"name":"shouldTurnOnBoiler","decl":{"start":{"line":3,"column":9},"end":{"line":3,"column":27}},"loc":{"start":{"line":3,"column":59},"end":{"line":35,"column":1}},"line":3}},"branchMap":{"0":{"loc":{"start":{"line":6,"column":2},"end":{"line":13,"column":3}},"type":"if","locations":[{"start":{"line":6,"column":2},"end":{"line":13,"column":3}},{"start":{},"end":{}}],"line":6},"1":{"loc":{"start":{"line":7,"column":4},"end":{"line":10,"column":28}},"type":"binary-expr","locations":[{"start":{"line":7,"column":4},"end":{"line":7,"column":35}},{"start":{"line":8,"column":4},"end":{"line":8,"column":34}},{"start":{"line":9,"column":4},"end":{"line":9,"column":29}},{"start":{"line":10,"column":4},"end":{"line":10,"column":28}}],"line":7},"2":{"loc":{"start":{"line":14,"column":2},"end":{"line":18,"column":3}},"type":"if","locations":[{"start":{"line":14,"column":2},"end":{"line":18,"column":3}},{"start":{},"end":{}}],"line":14},"3":{"loc":{"start":{"line":14,"column":6},"end":{"line":14,"column":63}},"type":"binary-expr","locations":[{"start":{"line":14,"column":6},"end":{"line":14,"column":33}},{"start":{"line":14,"column":37},"end":{"line":14,"column":63}}],"line":14},"4":{"loc":{"start":{"line":19,"column":2},"end":{"line":21,"column":3}},"type":"if","locations":[{"start":{"line":19,"column":2},"end":{"line":21,"column":3}},{"start":{},"end":{}}],"line":19},"5":{"loc":{"start":{"line":26,"column":2},"end":{"line":32,"column":3}},"type":"if","locations":[{"start":{"line":26,"column":2},"end":{"line":32,"column":3}},{"start":{"line":28,"column":9},"end":{"line":32,"column":3}}],"line":26},"6":{"loc":{"start":{"line":28,"column":9},"end":{"line":32,"column":3}},"type":"if","locations":[{"start":{"line":28,"column":9},"end":{"line":32,"column":3}},{"start":{"line":30,"column":9},"end":{"line":32,"column":3}}],"line":28}},"s":{"0":16,"1":16,"2":4,"3":12,"4":1,"5":11,"6":1,"7":10,"8":10,"9":5,"10":5,"11":4,"12":1,"13":9,"14":1},"f":{"0":16},"b":{"0":[4,12],"1":[16,15,14,13],"2":[1,11],"3":[12,11],"4":[1,10],"5":[5,5],"6":[4,1]},"_coverageSchema":"1a1c01bbd47fc00a2c39e90264f33305004495a9","hash":"a34575500b6e7010156c57e1bbf729ebbfe26c1c"}
}
