TN:
SF:src\boilerService.js
FN:7,turnOn
FN:12,turnOff
FNF:2
FNH:2
FNDA:1,turnOn
FNDA:1,turnOff
DA:9,1
DA:14,1
DA:17,2
LF:3
LH:3
BRF:0
BRH:0
end_of_record
TN:
SF:src\heatingController.js
FN:12,shouldTurnOnBoiler
FN:56,controlHeating
FNF:2
FNH:2
FNDA:18,shouldTurnOnBoiler
FNDA:5,controlHeating
DA:3,1
DA:4,1
DA:6,1
DA:13,18
DA:19,4
DA:21,14
DA:22,1
DA:26,13
DA:27,1
DA:30,12
DA:33,12
DA:34,6
DA:35,6
DA:36,5
DA:38,1
DA:41,11
DA:57,5
DA:58,5
DA:61,4
DA:68,2
DA:69,2
DA:74,2
DA:80,2
DA:81,1
DA:83,1
DA:86,2
DA:95,3
DA:96,1
DA:97,1
DA:101,2
DA:105,1
LF:31
LH:31
BRDA:13,0,0,4
BRDA:13,0,1,14
BRDA:14,1,0,18
BRDA:14,1,1,17
BRDA:14,1,2,16
BRDA:14,1,3,15
BRDA:21,2,0,1
BRDA:21,2,1,13
BRDA:21,3,0,14
BRDA:21,3,1,13
BRDA:26,4,0,1
BRDA:26,4,1,12
BRDA:33,5,0,6
BRDA:33,5,1,6
BRDA:35,6,0,5
BRDA:35,6,1,1
BRDA:61,7,0,2
BRDA:61,7,1,2
BRDA:62,8,0,4
BRDA:62,8,1,3
BRDA:62,8,2,2
BRDA:62,8,3,2
BRDA:62,8,4,2
BRDA:80,9,0,1
BRDA:80,9,1,1
BRDA:95,10,0,1
BRDA:95,10,1,2
BRF:27
BRH:27
end_of_record
TN:
SF:src\sensorService.js
FN:7,getInteriorTemperature
FNF:1
FNH:1
FNDA:1,getInteriorTemperature
DA:8,1
DA:11,2
LF:2
LH:2
BRF:0
BRH:0
end_of_record
