TN:
SF:src\boilerService.js
FN:3,turnOn
FN:7,turnOff
FNF:2
FNH:2
FNDA:1,turnOn
FNDA:1,turnOff
DA:4,1
DA:8,1
DA:11,2
LF:3
LH:3
BRF:0
BRH:0
end_of_record
TN:
SF:src\heatingController.js
FN:8,shouldTurnOnBoiler
FN:43,controlHeating
FNF:2
FNH:2
FNDA:18,shouldTurnOnBoiler
FNDA:5,controlHeating
DA:3,1
DA:4,1
DA:6,1
DA:9,18
DA:15,4
DA:17,14
DA:18,1
DA:22,13
DA:23,1
DA:26,12
DA:29,12
DA:30,6
DA:31,6
DA:32,5
DA:34,1
DA:37,11
DA:44,5
DA:45,5
DA:47,4
DA:54,2
DA:55,2
DA:60,2
DA:66,2
DA:67,1
DA:69,1
DA:72,2
DA:80,3
DA:81,1
DA:82,1
DA:86,2
DA:90,1
LF:31
LH:31
BRDA:9,0,0,4
BRDA:9,0,1,14
BRDA:10,1,0,18
BRDA:10,1,1,17
BRDA:10,1,2,16
BRDA:10,1,3,15
BRDA:17,2,0,1
BRDA:17,2,1,13
BRDA:17,3,0,14
BRDA:17,3,1,13
BRDA:22,4,0,1
BRDA:22,4,1,12
BRDA:29,5,0,6
BRDA:29,5,1,6
BRDA:31,6,0,5
BRDA:31,6,1,1
BRDA:47,7,0,2
BRDA:47,7,1,2
BRDA:48,8,0,4
BRDA:48,8,1,3
BRDA:48,8,2,2
BRDA:48,8,3,2
BRDA:48,8,4,2
BRDA:66,9,0,1
BRDA:66,9,1,1
BRDA:80,10,0,1
BRDA:80,10,1,2
BRF:27
BRH:27
end_of_record
TN:
SF:src\sensorService.js
FN:3,getInteriorTemperature
FNF:1
FNH:1
FNDA:1,getInteriorTemperature
DA:4,1
DA:7,2
LF:2
LH:2
BRF:0
BRH:0
end_of_record
